<?xml version="1.0" encoding="UTF-8"?>
<!-- Generated by org.testng.reporters.JUnitReportReporter -->
<testsuite hostname="DESKTOP-KV1TCAF" failures="0" tests="1" name="git_Prac.GitPrac" time="3.648" errors="0" timestamp="2022-06-29T20:38:38 CDT" skipped="0">
  <testcase classname="git_Prac.GitPrac" name="init" time="3.648"/>
  <system-out/>
</testsuite> <!-- git_Prac.GitPrac -->
